  Tickets_main.cpp
f:\vsproject\project\datastructure\tickets\tickets\tickets_main.cpp(29): warning C4996: 'scanf': This function or variable may be unsafe. Consider using scanf_s instead. To disable deprecation, use _CRT_SECURE_NO_WARNINGS. See online help for details.
  c:\program files (x86)\windows kits\10\include\10.0.10240.0\ucrt\stdio.h(1270): note: 参见“scanf”的声明
f:\vsproject\project\datastructure\tickets\tickets\tickets_main.cpp(30): warning C4996: 'scanf': This function or variable may be unsafe. Consider using scanf_s instead. To disable deprecation, use _CRT_SECURE_NO_WARNINGS. See online help for details.
  c:\program files (x86)\windows kits\10\include\10.0.10240.0\ucrt\stdio.h(1270): note: 参见“scanf”的声明
f:\vsproject\project\datastructure\tickets\tickets\tickets_main.cpp(32): warning C4996: 'scanf': This function or variable may be unsafe. Consider using scanf_s instead. To disable deprecation, use _CRT_SECURE_NO_WARNINGS. See online help for details.
  c:\program files (x86)\windows kits\10\include\10.0.10240.0\ucrt\stdio.h(1270): note: 参见“scanf”的声明
f:\vsproject\project\datastructure\tickets\tickets\tickets_main.cpp(33): warning C4996: 'scanf': This function or variable may be unsafe. Consider using scanf_s instead. To disable deprecation, use _CRT_SECURE_NO_WARNINGS. See online help for details.
  c:\program files (x86)\windows kits\10\include\10.0.10240.0\ucrt\stdio.h(1270): note: 参见“scanf”的声明
f:\vsproject\project\datastructure\tickets\tickets\tickets_main.cpp(42): warning C4996: 'scanf': This function or variable may be unsafe. Consider using scanf_s instead. To disable deprecation, use _CRT_SECURE_NO_WARNINGS. See online help for details.
  c:\program files (x86)\windows kits\10\include\10.0.10240.0\ucrt\stdio.h(1270): note: 参见“scanf”的声明
f:\vsproject\project\datastructure\tickets\tickets\tickets_main.cpp(43): warning C4996: 'scanf': This function or variable may be unsafe. Consider using scanf_s instead. To disable deprecation, use _CRT_SECURE_NO_WARNINGS. See online help for details.
  c:\program files (x86)\windows kits\10\include\10.0.10240.0\ucrt\stdio.h(1270): note: 参见“scanf”的声明
f:\vsproject\project\datastructure\tickets\tickets\tickets_main.cpp(47): warning C4996: 'scanf': This function or variable may be unsafe. Consider using scanf_s instead. To disable deprecation, use _CRT_SECURE_NO_WARNINGS. See online help for details.
  c:\program files (x86)\windows kits\10\include\10.0.10240.0\ucrt\stdio.h(1270): note: 参见“scanf”的声明
f:\vsproject\project\datastructure\tickets\tickets\tickets_main.cpp(7): warning C4101: “currNum”: 未引用的局部变量
  Tickets_achieve.cpp
f:\vsproject\project\datastructure\tickets\tickets\tickets_achieve.cpp(43): warning C4996: 'strcpy': This function or variable may be unsafe. Consider using strcpy_s instead. To disable deprecation, use _CRT_SECURE_NO_WARNINGS. See online help for details.
  c:\program files (x86)\windows kits\10\include\10.0.10240.0\ucrt\string.h(119): note: 参见“strcpy”的声明
f:\vsproject\project\datastructure\tickets\tickets\tickets_achieve.cpp(58): warning C4996: 'strcpy': This function or variable may be unsafe. Consider using strcpy_s instead. To disable deprecation, use _CRT_SECURE_NO_WARNINGS. See online help for details.
  c:\program files (x86)\windows kits\10\include\10.0.10240.0\ucrt\string.h(119): note: 参见“strcpy”的声明
f:\vsproject\project\datastructure\tickets\tickets\tickets_achieve.cpp(121): warning C4996: 'strcpy': This function or variable may be unsafe. Consider using strcpy_s instead. To disable deprecation, use _CRT_SECURE_NO_WARNINGS. See online help for details.
  c:\program files (x86)\windows kits\10\include\10.0.10240.0\ucrt\string.h(119): note: 参见“strcpy”的声明
  正在生成代码...
f:\vsproject\project\datastructure\tickets\tickets\tickets_achieve.cpp(149): warning C4715: “TraverseQueue”: 不是所有的控件路径都返回值
f:\vsproject\project\datastructure\tickets\tickets\tickets_achieve.cpp(249): warning C4715: “InitLine”: 不是所有的控件路径都返回值
f:\vsproject\project\datastructure\tickets\tickets\tickets_achieve.cpp(283): warning C4715: “SearchHash”: 不是所有的控件路径都返回值
  Tickets.vcxproj -> F:\vsproject\project\DataStructure\Tickets\Debug\Tickets.exe
  Tickets.vcxproj -> F:\vsproject\project\DataStructure\Tickets\Debug\Tickets.pdb (Full PDB)
